[2026-01-29T13:56:33.831+0000] {local_task_job_runner.py:120} INFO - ::group::Pre task execution logs
[2026-01-29T13:56:33.958+0000] {taskinstance.py:2076} INFO - Dependencies all met for dep_context=non-requeueable deps ti=<TaskInstance: sales_pipeline_dag.run_pipeline_docker scheduled__2026-01-27T23:00:00+00:00 [queued]>
[2026-01-29T13:56:33.975+0000] {taskinstance.py:2076} INFO - Dependencies all met for dep_context=requeueable deps ti=<TaskInstance: sales_pipeline_dag.run_pipeline_docker scheduled__2026-01-27T23:00:00+00:00 [queued]>
[2026-01-29T13:56:33.976+0000] {taskinstance.py:2306} INFO - Starting attempt 1 of 3
[2026-01-29T13:56:34.002+0000] {taskinstance.py:2330} INFO - Executing <Task(BashOperator): run_pipeline_docker> on 2026-01-27 23:00:00+00:00
[2026-01-29T13:56:34.019+0000] {standard_task_runner.py:64} INFO - Started process 369 to run task
[2026-01-29T13:56:34.030+0000] {standard_task_runner.py:90} INFO - Running: ['***', 'tasks', 'run', 'sales_pipeline_dag', 'run_pipeline_docker', 'scheduled__2026-01-27T23:00:00+00:00', '--job-id', '3', '--raw', '--subdir', 'DAGS_FOLDER/sales_pipeline_dag.py', '--cfg-path', '/tmp/tmp3xx4yt7i']
[2026-01-29T13:56:34.042+0000] {standard_task_runner.py:91} INFO - Job 3: Subtask run_pipeline_docker
[2026-01-29T13:56:34.209+0000] {task_command.py:426} INFO - Running <TaskInstance: sales_pipeline_dag.run_pipeline_docker scheduled__2026-01-27T23:00:00+00:00 [running]> on host 7c1d54b766a9
[2026-01-29T13:56:34.873+0000] {taskinstance.py:2648} INFO - Exporting env vars: AIRFLOW_CTX_DAG_OWNER='***' AIRFLOW_CTX_DAG_ID='sales_pipeline_dag' AIRFLOW_CTX_TASK_ID='run_pipeline_docker' AIRFLOW_CTX_EXECUTION_DATE='2026-01-27T23:00:00+00:00' AIRFLOW_CTX_TRY_NUMBER='1' AIRFLOW_CTX_DAG_RUN_ID='scheduled__2026-01-27T23:00:00+00:00'
[2026-01-29T13:56:34.874+0000] {taskinstance.py:430} INFO - ::endgroup::
[2026-01-29T13:56:34.935+0000] {subprocess.py:63} INFO - Tmp dir root location: /tmp
[2026-01-29T13:56:34.937+0000] {subprocess.py:75} INFO - Running command: ['/usr/bin/bash', '-c', '\n        docker run --rm           -v $(pwd):/app           mon_projet_dataops:latest           python main.py --input raw/customers_dirty.csv\n        ']
[2026-01-29T13:56:34.960+0000] {subprocess.py:86} INFO - Output:
[2026-01-29T13:56:35.190+0000] {subprocess.py:93} INFO - Unable to find image 'mon_projet_dataops:latest' locally
[2026-01-29T13:56:36.438+0000] {subprocess.py:93} INFO - docker: Error response from daemon: pull access denied for mon_projet_dataops, repository does not exist or may require 'docker login'.
[2026-01-29T13:56:36.440+0000] {subprocess.py:93} INFO - See 'docker run --help'.
[2026-01-29T13:56:36.448+0000] {subprocess.py:97} INFO - Command exited with return code 125
[2026-01-29T13:56:36.450+0000] {taskinstance.py:441} INFO - ::group::Post task execution logs
[2026-01-29T13:56:36.468+0000] {taskinstance.py:2905} ERROR - Task failed with exception
Traceback (most recent call last):
  File "/home/airflow/.local/lib/python3.11/site-packages/airflow/models/taskinstance.py", line 465, in _execute_task
    result = _execute_callable(context=context, **execute_callable_kwargs)
             ^^^^^^^^^^^^^^^^^^^^^^^^^^^^^^^^^^^^^^^^^^^^^^^^^^^^^^^^^^^^^
  File "/home/airflow/.local/lib/python3.11/site-packages/airflow/models/taskinstance.py", line 432, in _execute_callable
    return execute_callable(context=context, **execute_callable_kwargs)
           ^^^^^^^^^^^^^^^^^^^^^^^^^^^^^^^^^^^^^^^^^^^^^^^^^^^^^^^^^^^^
  File "/home/airflow/.local/lib/python3.11/site-packages/airflow/models/baseoperator.py", line 401, in wrapper
    return func(self, *args, **kwargs)
           ^^^^^^^^^^^^^^^^^^^^^^^^^^^
  File "/home/airflow/.local/lib/python3.11/site-packages/airflow/operators/bash.py", line 243, in execute
    raise AirflowException(
airflow.exceptions.AirflowException: Bash command failed. The command returned a non-zero exit code 125.
[2026-01-29T13:56:36.474+0000] {taskinstance.py:1206} INFO - Marking task as UP_FOR_RETRY. dag_id=sales_pipeline_dag, task_id=run_pipeline_docker, run_id=scheduled__2026-01-27T23:00:00+00:00, execution_date=20260127T230000, start_date=20260129T135633, end_date=20260129T135636
[2026-01-29T13:56:36.496+0000] {standard_task_runner.py:110} ERROR - Failed to execute job 3 for task run_pipeline_docker (Bash command failed. The command returned a non-zero exit code 125.; 369)
[2026-01-29T13:56:36.534+0000] {local_task_job_runner.py:243} INFO - Task exited with return code 1
[2026-01-29T13:56:36.561+0000] {taskinstance.py:3503} INFO - 0 downstream tasks scheduled from follow-on schedule check
[2026-01-29T13:56:36.564+0000] {local_task_job_runner.py:222} INFO - ::endgroup::
[2026-01-29T13:57:26.390+0000] {local_task_job_runner.py:120} INFO - ::group::Pre task execution logs
[2026-01-29T13:57:26.443+0000] {taskinstance.py:2076} INFO - Dependencies all met for dep_context=non-requeueable deps ti=<TaskInstance: sales_pipeline_dag.run_pipeline_docker scheduled__2026-01-27T23:00:00+00:00 [queued]>
[2026-01-29T13:57:26.455+0000] {taskinstance.py:2076} INFO - Dependencies all met for dep_context=requeueable deps ti=<TaskInstance: sales_pipeline_dag.run_pipeline_docker scheduled__2026-01-27T23:00:00+00:00 [queued]>
[2026-01-29T13:57:26.456+0000] {taskinstance.py:2306} INFO - Starting attempt 1 of 3
[2026-01-29T13:57:26.472+0000] {taskinstance.py:2330} INFO - Executing <Task(BashOperator): run_pipeline_docker> on 2026-01-27 23:00:00+00:00
[2026-01-29T13:57:26.482+0000] {standard_task_runner.py:64} INFO - Started process 420 to run task
[2026-01-29T13:57:26.488+0000] {standard_task_runner.py:90} INFO - Running: ['***', 'tasks', 'run', 'sales_pipeline_dag', 'run_pipeline_docker', 'scheduled__2026-01-27T23:00:00+00:00', '--job-id', '5', '--raw', '--subdir', 'DAGS_FOLDER/sales_pipeline_dag.py', '--cfg-path', '/tmp/tmpvja74sfs']
[2026-01-29T13:57:26.492+0000] {standard_task_runner.py:91} INFO - Job 5: Subtask run_pipeline_docker
[2026-01-29T13:57:26.623+0000] {task_command.py:426} INFO - Running <TaskInstance: sales_pipeline_dag.run_pipeline_docker scheduled__2026-01-27T23:00:00+00:00 [running]> on host 7c1d54b766a9
[2026-01-29T13:57:27.008+0000] {taskinstance.py:2648} INFO - Exporting env vars: AIRFLOW_CTX_DAG_OWNER='***' AIRFLOW_CTX_DAG_ID='sales_pipeline_dag' AIRFLOW_CTX_TASK_ID='run_pipeline_docker' AIRFLOW_CTX_EXECUTION_DATE='2026-01-27T23:00:00+00:00' AIRFLOW_CTX_TRY_NUMBER='1' AIRFLOW_CTX_DAG_RUN_ID='scheduled__2026-01-27T23:00:00+00:00'
[2026-01-29T13:57:27.010+0000] {taskinstance.py:430} INFO - ::endgroup::
[2026-01-29T13:57:27.024+0000] {subprocess.py:63} INFO - Tmp dir root location: /tmp
[2026-01-29T13:57:27.026+0000] {subprocess.py:75} INFO - Running command: ['/usr/bin/bash', '-c', '\n        docker run --rm           -v $(pwd):/app           mon_projet_dataops:latest           python main.py --input raw/customers_dirty.csv\n        ']
[2026-01-29T13:57:27.045+0000] {subprocess.py:86} INFO - Output:
[2026-01-29T13:57:27.092+0000] {subprocess.py:93} INFO - Unable to find image 'mon_projet_dataops:latest' locally
[2026-01-29T13:57:27.606+0000] {subprocess.py:93} INFO - docker: Error response from daemon: pull access denied for mon_projet_dataops, repository does not exist or may require 'docker login'.
[2026-01-29T13:57:27.607+0000] {subprocess.py:93} INFO - See 'docker run --help'.
[2026-01-29T13:57:27.612+0000] {subprocess.py:97} INFO - Command exited with return code 125
[2026-01-29T13:57:27.613+0000] {taskinstance.py:441} INFO - ::group::Post task execution logs
[2026-01-29T13:57:27.628+0000] {taskinstance.py:2905} ERROR - Task failed with exception
Traceback (most recent call last):
  File "/home/airflow/.local/lib/python3.11/site-packages/airflow/models/taskinstance.py", line 465, in _execute_task
    result = _execute_callable(context=context, **execute_callable_kwargs)
             ^^^^^^^^^^^^^^^^^^^^^^^^^^^^^^^^^^^^^^^^^^^^^^^^^^^^^^^^^^^^^
  File "/home/airflow/.local/lib/python3.11/site-packages/airflow/models/taskinstance.py", line 432, in _execute_callable
    return execute_callable(context=context, **execute_callable_kwargs)
           ^^^^^^^^^^^^^^^^^^^^^^^^^^^^^^^^^^^^^^^^^^^^^^^^^^^^^^^^^^^^
  File "/home/airflow/.local/lib/python3.11/site-packages/airflow/models/baseoperator.py", line 401, in wrapper
    return func(self, *args, **kwargs)
           ^^^^^^^^^^^^^^^^^^^^^^^^^^^
  File "/home/airflow/.local/lib/python3.11/site-packages/airflow/operators/bash.py", line 243, in execute
    raise AirflowException(
airflow.exceptions.AirflowException: Bash command failed. The command returned a non-zero exit code 125.
[2026-01-29T13:57:27.633+0000] {taskinstance.py:1206} INFO - Marking task as UP_FOR_RETRY. dag_id=sales_pipeline_dag, task_id=run_pipeline_docker, run_id=scheduled__2026-01-27T23:00:00+00:00, execution_date=20260127T230000, start_date=20260129T135726, end_date=20260129T135727
[2026-01-29T13:57:27.648+0000] {standard_task_runner.py:110} ERROR - Failed to execute job 5 for task run_pipeline_docker (Bash command failed. The command returned a non-zero exit code 125.; 420)
[2026-01-29T13:57:27.707+0000] {local_task_job_runner.py:243} INFO - Task exited with return code 1
[2026-01-29T13:57:27.727+0000] {taskinstance.py:3503} INFO - 0 downstream tasks scheduled from follow-on schedule check
[2026-01-29T13:57:27.729+0000] {local_task_job_runner.py:222} INFO - ::endgroup::
[2026-01-29T14:09:43.824+0000] {local_task_job_runner.py:120} INFO - ::group::Pre task execution logs
[2026-01-29T14:09:44.025+0000] {taskinstance.py:2076} INFO - Dependencies all met for dep_context=non-requeueable deps ti=<TaskInstance: sales_pipeline_dag.run_pipeline_docker scheduled__2026-01-27T23:00:00+00:00 [queued]>
[2026-01-29T14:09:44.056+0000] {taskinstance.py:2076} INFO - Dependencies all met for dep_context=requeueable deps ti=<TaskInstance: sales_pipeline_dag.run_pipeline_docker scheduled__2026-01-27T23:00:00+00:00 [queued]>
[2026-01-29T14:09:44.058+0000] {taskinstance.py:2306} INFO - Starting attempt 1 of 3
[2026-01-29T14:09:44.100+0000] {taskinstance.py:2330} INFO - Executing <Task(BashOperator): run_pipeline_docker> on 2026-01-27 23:00:00+00:00
[2026-01-29T14:09:44.128+0000] {standard_task_runner.py:64} INFO - Started process 748 to run task
[2026-01-29T14:09:44.141+0000] {standard_task_runner.py:90} INFO - Running: ['***', 'tasks', 'run', 'sales_pipeline_dag', 'run_pipeline_docker', 'scheduled__2026-01-27T23:00:00+00:00', '--job-id', '20', '--raw', '--subdir', 'DAGS_FOLDER/sales_pipeline_dag.py', '--cfg-path', '/tmp/tmp84sduuk4']
[2026-01-29T14:09:44.150+0000] {standard_task_runner.py:91} INFO - Job 20: Subtask run_pipeline_docker
[2026-01-29T14:09:44.473+0000] {task_command.py:426} INFO - Running <TaskInstance: sales_pipeline_dag.run_pipeline_docker scheduled__2026-01-27T23:00:00+00:00 [running]> on host 7c1d54b766a9
[2026-01-29T14:09:45.629+0000] {taskinstance.py:2648} INFO - Exporting env vars: AIRFLOW_CTX_DAG_OWNER='***' AIRFLOW_CTX_DAG_ID='sales_pipeline_dag' AIRFLOW_CTX_TASK_ID='run_pipeline_docker' AIRFLOW_CTX_EXECUTION_DATE='2026-01-27T23:00:00+00:00' AIRFLOW_CTX_TRY_NUMBER='1' AIRFLOW_CTX_DAG_RUN_ID='scheduled__2026-01-27T23:00:00+00:00'
[2026-01-29T14:09:45.631+0000] {taskinstance.py:430} INFO - ::endgroup::
[2026-01-29T14:09:45.690+0000] {subprocess.py:63} INFO - Tmp dir root location: /tmp
[2026-01-29T14:09:45.696+0000] {subprocess.py:75} INFO - Running command: ['/usr/bin/bash', '-c', '\n        docker run --rm           -v $(pwd):/app           mon_projet_dataops:latest           python main.py --input raw/customers_dirty.csv\n        ']
[2026-01-29T14:09:45.749+0000] {subprocess.py:86} INFO - Output:
[2026-01-29T14:09:46.794+0000] {subprocess.py:93} INFO - python: can't open file '/app/main.py': [Errno 2] No such file or directory
[2026-01-29T14:09:47.325+0000] {subprocess.py:97} INFO - Command exited with return code 2
[2026-01-29T14:09:47.336+0000] {taskinstance.py:441} INFO - ::group::Post task execution logs
[2026-01-29T14:09:47.396+0000] {taskinstance.py:2905} ERROR - Task failed with exception
Traceback (most recent call last):
  File "/home/airflow/.local/lib/python3.11/site-packages/airflow/models/taskinstance.py", line 465, in _execute_task
    result = _execute_callable(context=context, **execute_callable_kwargs)
             ^^^^^^^^^^^^^^^^^^^^^^^^^^^^^^^^^^^^^^^^^^^^^^^^^^^^^^^^^^^^^
  File "/home/airflow/.local/lib/python3.11/site-packages/airflow/models/taskinstance.py", line 432, in _execute_callable
    return execute_callable(context=context, **execute_callable_kwargs)
           ^^^^^^^^^^^^^^^^^^^^^^^^^^^^^^^^^^^^^^^^^^^^^^^^^^^^^^^^^^^^
  File "/home/airflow/.local/lib/python3.11/site-packages/airflow/models/baseoperator.py", line 401, in wrapper
    return func(self, *args, **kwargs)
           ^^^^^^^^^^^^^^^^^^^^^^^^^^^
  File "/home/airflow/.local/lib/python3.11/site-packages/airflow/operators/bash.py", line 243, in execute
    raise AirflowException(
airflow.exceptions.AirflowException: Bash command failed. The command returned a non-zero exit code 2.
[2026-01-29T14:09:47.413+0000] {taskinstance.py:1206} INFO - Marking task as UP_FOR_RETRY. dag_id=sales_pipeline_dag, task_id=run_pipeline_docker, run_id=scheduled__2026-01-27T23:00:00+00:00, execution_date=20260127T230000, start_date=20260129T140944, end_date=20260129T140947
[2026-01-29T14:09:47.454+0000] {standard_task_runner.py:110} ERROR - Failed to execute job 20 for task run_pipeline_docker (Bash command failed. The command returned a non-zero exit code 2.; 748)
[2026-01-29T14:09:47.546+0000] {local_task_job_runner.py:243} INFO - Task exited with return code 1
[2026-01-29T14:09:47.609+0000] {taskinstance.py:3503} INFO - 0 downstream tasks scheduled from follow-on schedule check
[2026-01-29T14:09:47.615+0000] {local_task_job_runner.py:222} INFO - ::endgroup::
[2026-01-29T14:11:46.345+0000] {local_task_job_runner.py:120} INFO - ::group::Pre task execution logs
[2026-01-29T14:11:46.448+0000] {taskinstance.py:2076} INFO - Dependencies all met for dep_context=non-requeueable deps ti=<TaskInstance: sales_pipeline_dag.run_pipeline_docker scheduled__2026-01-27T23:00:00+00:00 [queued]>
[2026-01-29T14:11:46.468+0000] {taskinstance.py:2076} INFO - Dependencies all met for dep_context=requeueable deps ti=<TaskInstance: sales_pipeline_dag.run_pipeline_docker scheduled__2026-01-27T23:00:00+00:00 [queued]>
[2026-01-29T14:11:46.470+0000] {taskinstance.py:2306} INFO - Starting attempt 1 of 3
[2026-01-29T14:11:46.502+0000] {taskinstance.py:2330} INFO - Executing <Task(BashOperator): run_pipeline_docker> on 2026-01-27 23:00:00+00:00
[2026-01-29T14:11:46.522+0000] {standard_task_runner.py:64} INFO - Started process 781 to run task
[2026-01-29T14:11:46.537+0000] {standard_task_runner.py:90} INFO - Running: ['***', 'tasks', 'run', 'sales_pipeline_dag', 'run_pipeline_docker', 'scheduled__2026-01-27T23:00:00+00:00', '--job-id', '21', '--raw', '--subdir', 'DAGS_FOLDER/sales_pipeline_dag.py', '--cfg-path', '/tmp/tmphj14xby3']
[2026-01-29T14:11:46.546+0000] {standard_task_runner.py:91} INFO - Job 21: Subtask run_pipeline_docker
[2026-01-29T14:11:46.799+0000] {task_command.py:426} INFO - Running <TaskInstance: sales_pipeline_dag.run_pipeline_docker scheduled__2026-01-27T23:00:00+00:00 [running]> on host 7c1d54b766a9
[2026-01-29T14:11:47.567+0000] {taskinstance.py:2648} INFO - Exporting env vars: AIRFLOW_CTX_DAG_OWNER='***' AIRFLOW_CTX_DAG_ID='sales_pipeline_dag' AIRFLOW_CTX_TASK_ID='run_pipeline_docker' AIRFLOW_CTX_EXECUTION_DATE='2026-01-27T23:00:00+00:00' AIRFLOW_CTX_TRY_NUMBER='1' AIRFLOW_CTX_DAG_RUN_ID='scheduled__2026-01-27T23:00:00+00:00'
[2026-01-29T14:11:47.569+0000] {taskinstance.py:430} INFO - ::endgroup::
[2026-01-29T14:11:47.624+0000] {subprocess.py:63} INFO - Tmp dir root location: /tmp
[2026-01-29T14:11:47.629+0000] {subprocess.py:75} INFO - Running command: ['/usr/bin/bash', '-c', '\n        docker run --rm           -v $(pwd):/app           mon_projet_dataops:latest           python main.py --input raw/customers_dirty.csv\n        ']
[2026-01-29T14:11:47.695+0000] {subprocess.py:86} INFO - Output:
[2026-01-29T14:11:48.857+0000] {subprocess.py:93} INFO - python: can't open file '/app/main.py': [Errno 2] No such file or directory
[2026-01-29T14:11:49.329+0000] {subprocess.py:97} INFO - Command exited with return code 2
[2026-01-29T14:11:49.332+0000] {taskinstance.py:441} INFO - ::group::Post task execution logs
[2026-01-29T14:11:49.368+0000] {taskinstance.py:2905} ERROR - Task failed with exception
Traceback (most recent call last):
  File "/home/airflow/.local/lib/python3.11/site-packages/airflow/models/taskinstance.py", line 465, in _execute_task
    result = _execute_callable(context=context, **execute_callable_kwargs)
             ^^^^^^^^^^^^^^^^^^^^^^^^^^^^^^^^^^^^^^^^^^^^^^^^^^^^^^^^^^^^^
  File "/home/airflow/.local/lib/python3.11/site-packages/airflow/models/taskinstance.py", line 432, in _execute_callable
    return execute_callable(context=context, **execute_callable_kwargs)
           ^^^^^^^^^^^^^^^^^^^^^^^^^^^^^^^^^^^^^^^^^^^^^^^^^^^^^^^^^^^^
  File "/home/airflow/.local/lib/python3.11/site-packages/airflow/models/baseoperator.py", line 401, in wrapper
    return func(self, *args, **kwargs)
           ^^^^^^^^^^^^^^^^^^^^^^^^^^^
  File "/home/airflow/.local/lib/python3.11/site-packages/airflow/operators/bash.py", line 243, in execute
    raise AirflowException(
airflow.exceptions.AirflowException: Bash command failed. The command returned a non-zero exit code 2.
[2026-01-29T14:11:49.381+0000] {taskinstance.py:1206} INFO - Marking task as UP_FOR_RETRY. dag_id=sales_pipeline_dag, task_id=run_pipeline_docker, run_id=scheduled__2026-01-27T23:00:00+00:00, execution_date=20260127T230000, start_date=20260129T141146, end_date=20260129T141149
[2026-01-29T14:11:49.420+0000] {standard_task_runner.py:110} ERROR - Failed to execute job 21 for task run_pipeline_docker (Bash command failed. The command returned a non-zero exit code 2.; 781)
[2026-01-29T14:11:49.488+0000] {local_task_job_runner.py:243} INFO - Task exited with return code 1
[2026-01-29T14:11:49.549+0000] {taskinstance.py:3503} INFO - 0 downstream tasks scheduled from follow-on schedule check
[2026-01-29T14:11:49.555+0000] {local_task_job_runner.py:222} INFO - ::endgroup::
[2026-01-29T14:21:56.701+0000] {local_task_job_runner.py:120} INFO - ::group::Pre task execution logs
[2026-01-29T14:21:56.745+0000] {taskinstance.py:2076} INFO - Dependencies all met for dep_context=non-requeueable deps ti=<TaskInstance: sales_pipeline_dag.run_pipeline_docker scheduled__2026-01-27T23:00:00+00:00 [queued]>
[2026-01-29T14:21:56.756+0000] {taskinstance.py:2076} INFO - Dependencies all met for dep_context=requeueable deps ti=<TaskInstance: sales_pipeline_dag.run_pipeline_docker scheduled__2026-01-27T23:00:00+00:00 [queued]>
[2026-01-29T14:21:56.756+0000] {taskinstance.py:2306} INFO - Starting attempt 1 of 3
[2026-01-29T14:21:56.773+0000] {taskinstance.py:2330} INFO - Executing <Task(BashOperator): run_pipeline_docker> on 2026-01-27 23:00:00+00:00
[2026-01-29T14:21:56.781+0000] {standard_task_runner.py:64} INFO - Started process 986 to run task
[2026-01-29T14:21:56.787+0000] {standard_task_runner.py:90} INFO - Running: ['***', 'tasks', 'run', 'sales_pipeline_dag', 'run_pipeline_docker', 'scheduled__2026-01-27T23:00:00+00:00', '--job-id', '28', '--raw', '--subdir', 'DAGS_FOLDER/sales_pipeline_dag.py', '--cfg-path', '/tmp/tmpn4wdw0o8']
[2026-01-29T14:21:56.791+0000] {standard_task_runner.py:91} INFO - Job 28: Subtask run_pipeline_docker
[2026-01-29T14:21:56.902+0000] {task_command.py:426} INFO - Running <TaskInstance: sales_pipeline_dag.run_pipeline_docker scheduled__2026-01-27T23:00:00+00:00 [running]> on host 7c1d54b766a9
[2026-01-29T14:21:57.228+0000] {taskinstance.py:2648} INFO - Exporting env vars: AIRFLOW_CTX_DAG_OWNER='***' AIRFLOW_CTX_DAG_ID='sales_pipeline_dag' AIRFLOW_CTX_TASK_ID='run_pipeline_docker' AIRFLOW_CTX_EXECUTION_DATE='2026-01-27T23:00:00+00:00' AIRFLOW_CTX_TRY_NUMBER='1' AIRFLOW_CTX_DAG_RUN_ID='scheduled__2026-01-27T23:00:00+00:00'
[2026-01-29T14:21:57.230+0000] {taskinstance.py:430} INFO - ::endgroup::
[2026-01-29T14:21:57.251+0000] {subprocess.py:63} INFO - Tmp dir root location: /tmp
[2026-01-29T14:21:57.253+0000] {subprocess.py:75} INFO - Running command: ['/usr/bin/bash', '-c', '\n        docker run --rm           -v $(pwd):/app           mon_projet_dataops:latest           python src/run_pipeline.py --input raw/customers_dirty.csv\n        ']
[2026-01-29T14:21:57.272+0000] {subprocess.py:86} INFO - Output:
[2026-01-29T14:21:57.887+0000] {subprocess.py:93} INFO - python: can't open file '/app/src/run_pipeline.py': [Errno 2] No such file or directory
[2026-01-29T14:21:58.211+0000] {subprocess.py:97} INFO - Command exited with return code 2
[2026-01-29T14:21:58.215+0000] {taskinstance.py:441} INFO - ::group::Post task execution logs
[2026-01-29T14:21:58.249+0000] {taskinstance.py:2905} ERROR - Task failed with exception
Traceback (most recent call last):
  File "/home/airflow/.local/lib/python3.11/site-packages/airflow/models/taskinstance.py", line 465, in _execute_task
    result = _execute_callable(context=context, **execute_callable_kwargs)
             ^^^^^^^^^^^^^^^^^^^^^^^^^^^^^^^^^^^^^^^^^^^^^^^^^^^^^^^^^^^^^
  File "/home/airflow/.local/lib/python3.11/site-packages/airflow/models/taskinstance.py", line 432, in _execute_callable
    return execute_callable(context=context, **execute_callable_kwargs)
           ^^^^^^^^^^^^^^^^^^^^^^^^^^^^^^^^^^^^^^^^^^^^^^^^^^^^^^^^^^^^
  File "/home/airflow/.local/lib/python3.11/site-packages/airflow/models/baseoperator.py", line 401, in wrapper
    return func(self, *args, **kwargs)
           ^^^^^^^^^^^^^^^^^^^^^^^^^^^
  File "/home/airflow/.local/lib/python3.11/site-packages/airflow/operators/bash.py", line 243, in execute
    raise AirflowException(
airflow.exceptions.AirflowException: Bash command failed. The command returned a non-zero exit code 2.
[2026-01-29T14:21:58.265+0000] {taskinstance.py:1206} INFO - Marking task as UP_FOR_RETRY. dag_id=sales_pipeline_dag, task_id=run_pipeline_docker, run_id=scheduled__2026-01-27T23:00:00+00:00, execution_date=20260127T230000, start_date=20260129T142156, end_date=20260129T142158
[2026-01-29T14:21:58.303+0000] {standard_task_runner.py:110} ERROR - Failed to execute job 28 for task run_pipeline_docker (Bash command failed. The command returned a non-zero exit code 2.; 986)
[2026-01-29T14:21:58.367+0000] {local_task_job_runner.py:243} INFO - Task exited with return code 1
[2026-01-29T14:21:58.412+0000] {taskinstance.py:3503} INFO - 0 downstream tasks scheduled from follow-on schedule check
[2026-01-29T14:21:58.418+0000] {local_task_job_runner.py:222} INFO - ::endgroup::
[2026-01-29T14:23:35.976+0000] {local_task_job_runner.py:120} INFO - ::group::Pre task execution logs
[2026-01-29T14:23:36.026+0000] {taskinstance.py:2076} INFO - Dependencies all met for dep_context=non-requeueable deps ti=<TaskInstance: sales_pipeline_dag.run_pipeline_docker scheduled__2026-01-27T23:00:00+00:00 [queued]>
[2026-01-29T14:23:36.037+0000] {taskinstance.py:2076} INFO - Dependencies all met for dep_context=requeueable deps ti=<TaskInstance: sales_pipeline_dag.run_pipeline_docker scheduled__2026-01-27T23:00:00+00:00 [queued]>
[2026-01-29T14:23:36.038+0000] {taskinstance.py:2306} INFO - Starting attempt 1 of 3
[2026-01-29T14:23:36.053+0000] {taskinstance.py:2330} INFO - Executing <Task(BashOperator): run_pipeline_docker> on 2026-01-27 23:00:00+00:00
[2026-01-29T14:23:36.062+0000] {standard_task_runner.py:64} INFO - Started process 1060 to run task
[2026-01-29T14:23:36.066+0000] {standard_task_runner.py:90} INFO - Running: ['***', 'tasks', 'run', 'sales_pipeline_dag', 'run_pipeline_docker', 'scheduled__2026-01-27T23:00:00+00:00', '--job-id', '32', '--raw', '--subdir', 'DAGS_FOLDER/sales_pipeline_dag.py', '--cfg-path', '/tmp/tmpvy349boi']
[2026-01-29T14:23:36.070+0000] {standard_task_runner.py:91} INFO - Job 32: Subtask run_pipeline_docker
[2026-01-29T14:23:36.186+0000] {task_command.py:426} INFO - Running <TaskInstance: sales_pipeline_dag.run_pipeline_docker scheduled__2026-01-27T23:00:00+00:00 [running]> on host 7c1d54b766a9
[2026-01-29T14:23:36.489+0000] {taskinstance.py:2648} INFO - Exporting env vars: AIRFLOW_CTX_DAG_OWNER='***' AIRFLOW_CTX_DAG_ID='sales_pipeline_dag' AIRFLOW_CTX_TASK_ID='run_pipeline_docker' AIRFLOW_CTX_EXECUTION_DATE='2026-01-27T23:00:00+00:00' AIRFLOW_CTX_TRY_NUMBER='1' AIRFLOW_CTX_DAG_RUN_ID='scheduled__2026-01-27T23:00:00+00:00'
[2026-01-29T14:23:36.490+0000] {taskinstance.py:430} INFO - ::endgroup::
[2026-01-29T14:23:36.505+0000] {subprocess.py:63} INFO - Tmp dir root location: /tmp
[2026-01-29T14:23:36.507+0000] {subprocess.py:75} INFO - Running command: ['/usr/bin/bash', '-c', '\n        docker run --rm           mon_projet_dataops:latest           python src/run_pipeline.py --input raw/customers_dirty.csv\n        ']
[2026-01-29T14:23:36.525+0000] {subprocess.py:86} INFO - Output:
[2026-01-29T14:23:37.973+0000] {subprocess.py:93} INFO - Processing customers_dirty3.csv...
[2026-01-29T14:23:37.974+0000] {subprocess.py:93} INFO - Nombre de lignes initiales: 20
[2026-01-29T14:23:37.975+0000] {subprocess.py:93} INFO - Doublons supprim√©s: 0
[2026-01-29T14:23:37.976+0000] {subprocess.py:93} INFO -  Noms invalides supprim√©s: 2
[2026-01-29T14:23:37.976+0000] {subprocess.py:93} INFO - üìß Emails invalides supprim√©s: 2
[2026-01-29T14:23:37.977+0000] {subprocess.py:93} INFO -  Dates invalides supprim√©es: 2
[2026-01-29T14:23:37.978+0000] {subprocess.py:93} INFO - üåç Pays invalides supprim√©s: 1
[2026-01-29T14:23:37.979+0000] {subprocess.py:93} INFO - üë§ Ages invalides supprim√©s: 2
[2026-01-29T14:23:37.980+0000] {subprocess.py:93} INFO - üí∞ Montants invalides supprim√©s: 3
[2026-01-29T14:23:37.981+0000] {subprocess.py:93} INFO - üèÜ Tiers invalides supprim√©s: 2
[2026-01-29T14:23:37.982+0000] {subprocess.py:93} INFO - Nombre de lignes finales: 6
[2026-01-29T14:23:37.983+0000] {subprocess.py:93} INFO - Taux de rejet: 70.00%
[2026-01-29T14:23:37.983+0000] {subprocess.py:93} INFO - Processing customers_dirty2.csv...
[2026-01-29T14:23:37.984+0000] {subprocess.py:93} INFO - Nombre de lignes initiales: 10
[2026-01-29T14:23:37.985+0000] {subprocess.py:93} INFO - Doublons supprim√©s: 0
[2026-01-29T14:23:37.986+0000] {subprocess.py:93} INFO -  Noms invalides supprim√©s: 0
[2026-01-29T14:23:37.987+0000] {subprocess.py:93} INFO - üìß Emails invalides supprim√©s: 1
[2026-01-29T14:23:37.988+0000] {subprocess.py:93} INFO -  Dates invalides supprim√©es: 2
[2026-01-29T14:23:37.989+0000] {subprocess.py:93} INFO - üåç Pays invalides supprim√©s: 0
[2026-01-29T14:23:37.989+0000] {subprocess.py:93} INFO - üë§ Ages invalides supprim√©s: 1
[2026-01-29T14:23:37.990+0000] {subprocess.py:93} INFO - üí∞ Montants invalides supprim√©s: 1
[2026-01-29T14:23:37.990+0000] {subprocess.py:93} INFO - üèÜ Tiers invalides supprim√©s: 1
[2026-01-29T14:23:37.991+0000] {subprocess.py:93} INFO - Nombre de lignes finales: 4
[2026-01-29T14:23:37.991+0000] {subprocess.py:93} INFO - Taux de rejet: 60.00%
[2026-01-29T14:23:37.992+0000] {subprocess.py:93} INFO - Processing customers_dirty.csv...
[2026-01-29T14:23:37.992+0000] {subprocess.py:93} INFO - Nombre de lignes initiales: 10
[2026-01-29T14:23:37.993+0000] {subprocess.py:93} INFO - Doublons supprim√©s: 0
[2026-01-29T14:23:37.993+0000] {subprocess.py:93} INFO -  Noms invalides supprim√©s: 0
[2026-01-29T14:23:37.994+0000] {subprocess.py:93} INFO - üìß Emails invalides supprim√©s: 1
[2026-01-29T14:23:37.994+0000] {subprocess.py:93} INFO -  Dates invalides supprim√©es: 1
[2026-01-29T14:23:37.995+0000] {subprocess.py:93} INFO - üåç Pays invalides supprim√©s: 0
[2026-01-29T14:23:37.996+0000] {subprocess.py:93} INFO - üë§ Ages invalides supprim√©s: 2
[2026-01-29T14:23:37.997+0000] {subprocess.py:93} INFO - üí∞ Montants invalides supprim√©s: 1
[2026-01-29T14:23:37.998+0000] {subprocess.py:93} INFO - üèÜ Tiers invalides supprim√©s: 0
[2026-01-29T14:23:37.998+0000] {subprocess.py:93} INFO - Nombre de lignes finales: 5
[2026-01-29T14:23:37.999+0000] {subprocess.py:93} INFO - Taux de rejet: 50.00%
[2026-01-29T14:23:38.534+0000] {subprocess.py:97} INFO - Command exited with return code 0
[2026-01-29T14:23:38.537+0000] {taskinstance.py:441} INFO - ::group::Post task execution logs
[2026-01-29T14:23:38.608+0000] {taskinstance.py:1206} INFO - Marking task as SUCCESS. dag_id=sales_pipeline_dag, task_id=run_pipeline_docker, run_id=scheduled__2026-01-27T23:00:00+00:00, execution_date=20260127T230000, start_date=20260129T142336, end_date=20260129T142338
[2026-01-29T14:23:38.693+0000] {local_task_job_runner.py:243} INFO - Task exited with return code 0
[2026-01-29T14:23:38.749+0000] {taskinstance.py:3503} INFO - 0 downstream tasks scheduled from follow-on schedule check
[2026-01-29T14:23:38.754+0000] {local_task_job_runner.py:222} INFO - ::endgroup::
[2026-01-29T14:25:08.023+0000] {local_task_job_runner.py:120} INFO - ::group::Pre task execution logs
[2026-01-29T14:25:08.081+0000] {taskinstance.py:2076} INFO - Dependencies all met for dep_context=non-requeueable deps ti=<TaskInstance: sales_pipeline_dag.run_pipeline_docker scheduled__2026-01-27T23:00:00+00:00 [queued]>
[2026-01-29T14:25:08.093+0000] {taskinstance.py:2076} INFO - Dependencies all met for dep_context=requeueable deps ti=<TaskInstance: sales_pipeline_dag.run_pipeline_docker scheduled__2026-01-27T23:00:00+00:00 [queued]>
[2026-01-29T14:25:08.094+0000] {taskinstance.py:2306} INFO - Starting attempt 1 of 3
[2026-01-29T14:25:08.113+0000] {taskinstance.py:2330} INFO - Executing <Task(BashOperator): run_pipeline_docker> on 2026-01-27 23:00:00+00:00
[2026-01-29T14:25:08.124+0000] {standard_task_runner.py:64} INFO - Started process 1102 to run task
[2026-01-29T14:25:08.132+0000] {standard_task_runner.py:90} INFO - Running: ['***', 'tasks', 'run', 'sales_pipeline_dag', 'run_pipeline_docker', 'scheduled__2026-01-27T23:00:00+00:00', '--job-id', '34', '--raw', '--subdir', 'DAGS_FOLDER/sales_pipeline_dag.py', '--cfg-path', '/tmp/tmp9aab9wiv']
[2026-01-29T14:25:08.139+0000] {standard_task_runner.py:91} INFO - Job 34: Subtask run_pipeline_docker
[2026-01-29T14:25:08.301+0000] {task_command.py:426} INFO - Running <TaskInstance: sales_pipeline_dag.run_pipeline_docker scheduled__2026-01-27T23:00:00+00:00 [running]> on host 7c1d54b766a9
[2026-01-29T14:25:08.683+0000] {taskinstance.py:2648} INFO - Exporting env vars: AIRFLOW_CTX_DAG_OWNER='***' AIRFLOW_CTX_DAG_ID='sales_pipeline_dag' AIRFLOW_CTX_TASK_ID='run_pipeline_docker' AIRFLOW_CTX_EXECUTION_DATE='2026-01-27T23:00:00+00:00' AIRFLOW_CTX_TRY_NUMBER='1' AIRFLOW_CTX_DAG_RUN_ID='scheduled__2026-01-27T23:00:00+00:00'
[2026-01-29T14:25:08.684+0000] {taskinstance.py:430} INFO - ::endgroup::
[2026-01-29T14:25:08.698+0000] {subprocess.py:63} INFO - Tmp dir root location: /tmp
[2026-01-29T14:25:08.700+0000] {subprocess.py:75} INFO - Running command: ['/usr/bin/bash', '-c', '\n        docker run --rm           mon_projet_dataops:latest           python src/run_pipeline.py --input raw/customers_dirty.csv\n        ']
[2026-01-29T14:25:08.717+0000] {subprocess.py:86} INFO - Output:
[2026-01-29T14:25:10.145+0000] {subprocess.py:93} INFO - Processing customers_dirty3.csv...
[2026-01-29T14:25:10.146+0000] {subprocess.py:93} INFO - Nombre de lignes initiales: 20
[2026-01-29T14:25:10.147+0000] {subprocess.py:93} INFO - Doublons supprim√©s: 0
[2026-01-29T14:25:10.148+0000] {subprocess.py:93} INFO -  Noms invalides supprim√©s: 2
[2026-01-29T14:25:10.149+0000] {subprocess.py:93} INFO - üìß Emails invalides supprim√©s: 2
[2026-01-29T14:25:10.150+0000] {subprocess.py:93} INFO -  Dates invalides supprim√©es: 2
[2026-01-29T14:25:10.151+0000] {subprocess.py:93} INFO - üåç Pays invalides supprim√©s: 1
[2026-01-29T14:25:10.152+0000] {subprocess.py:93} INFO - üë§ Ages invalides supprim√©s: 2
[2026-01-29T14:25:10.153+0000] {subprocess.py:93} INFO - üí∞ Montants invalides supprim√©s: 3
[2026-01-29T14:25:10.154+0000] {subprocess.py:93} INFO - üèÜ Tiers invalides supprim√©s: 2
[2026-01-29T14:25:10.155+0000] {subprocess.py:93} INFO - Nombre de lignes finales: 6
[2026-01-29T14:25:10.156+0000] {subprocess.py:93} INFO - Taux de rejet: 70.00%
[2026-01-29T14:25:10.157+0000] {subprocess.py:93} INFO - Processing customers_dirty2.csv...
[2026-01-29T14:25:10.158+0000] {subprocess.py:93} INFO - Nombre de lignes initiales: 10
[2026-01-29T14:25:10.159+0000] {subprocess.py:93} INFO - Doublons supprim√©s: 0
[2026-01-29T14:25:10.160+0000] {subprocess.py:93} INFO -  Noms invalides supprim√©s: 0
[2026-01-29T14:25:10.161+0000] {subprocess.py:93} INFO - üìß Emails invalides supprim√©s: 1
[2026-01-29T14:25:10.161+0000] {subprocess.py:93} INFO -  Dates invalides supprim√©es: 2
[2026-01-29T14:25:10.162+0000] {subprocess.py:93} INFO - üåç Pays invalides supprim√©s: 0
[2026-01-29T14:25:10.163+0000] {subprocess.py:93} INFO - üë§ Ages invalides supprim√©s: 1
[2026-01-29T14:25:10.164+0000] {subprocess.py:93} INFO - üí∞ Montants invalides supprim√©s: 1
[2026-01-29T14:25:10.164+0000] {subprocess.py:93} INFO - üèÜ Tiers invalides supprim√©s: 1
[2026-01-29T14:25:10.165+0000] {subprocess.py:93} INFO - Nombre de lignes finales: 4
[2026-01-29T14:25:10.166+0000] {subprocess.py:93} INFO - Taux de rejet: 60.00%
[2026-01-29T14:25:10.167+0000] {subprocess.py:93} INFO - Processing customers_dirty.csv...
[2026-01-29T14:25:10.168+0000] {subprocess.py:93} INFO - Nombre de lignes initiales: 10
[2026-01-29T14:25:10.169+0000] {subprocess.py:93} INFO - Doublons supprim√©s: 0
[2026-01-29T14:25:10.170+0000] {subprocess.py:93} INFO -  Noms invalides supprim√©s: 0
[2026-01-29T14:25:10.171+0000] {subprocess.py:93} INFO - üìß Emails invalides supprim√©s: 1
[2026-01-29T14:25:10.171+0000] {subprocess.py:93} INFO -  Dates invalides supprim√©es: 1
[2026-01-29T14:25:10.172+0000] {subprocess.py:93} INFO - üåç Pays invalides supprim√©s: 0
[2026-01-29T14:25:10.173+0000] {subprocess.py:93} INFO - üë§ Ages invalides supprim√©s: 2
[2026-01-29T14:25:10.174+0000] {subprocess.py:93} INFO - üí∞ Montants invalides supprim√©s: 1
[2026-01-29T14:25:10.174+0000] {subprocess.py:93} INFO - üèÜ Tiers invalides supprim√©s: 0
[2026-01-29T14:25:10.175+0000] {subprocess.py:93} INFO - Nombre de lignes finales: 5
[2026-01-29T14:25:10.176+0000] {subprocess.py:93} INFO - Taux de rejet: 50.00%
[2026-01-29T14:25:10.649+0000] {subprocess.py:97} INFO - Command exited with return code 0
[2026-01-29T14:25:10.652+0000] {taskinstance.py:441} INFO - ::group::Post task execution logs
[2026-01-29T14:25:10.732+0000] {taskinstance.py:1206} INFO - Marking task as SUCCESS. dag_id=sales_pipeline_dag, task_id=run_pipeline_docker, run_id=scheduled__2026-01-27T23:00:00+00:00, execution_date=20260127T230000, start_date=20260129T142508, end_date=20260129T142510
[2026-01-29T14:25:10.839+0000] {local_task_job_runner.py:243} INFO - Task exited with return code 0
[2026-01-29T14:25:10.887+0000] {taskinstance.py:3503} INFO - 0 downstream tasks scheduled from follow-on schedule check
[2026-01-29T14:25:10.891+0000] {local_task_job_runner.py:222} INFO - ::endgroup::
[2026-01-29T14:28:09.922+0000] {local_task_job_runner.py:120} INFO - ::group::Pre task execution logs
[2026-01-29T14:28:09.991+0000] {taskinstance.py:2076} INFO - Dependencies all met for dep_context=non-requeueable deps ti=<TaskInstance: sales_pipeline_dag.run_pipeline_docker scheduled__2026-01-27T23:00:00+00:00 [queued]>
[2026-01-29T14:28:10.002+0000] {taskinstance.py:2076} INFO - Dependencies all met for dep_context=requeueable deps ti=<TaskInstance: sales_pipeline_dag.run_pipeline_docker scheduled__2026-01-27T23:00:00+00:00 [queued]>
[2026-01-29T14:28:10.003+0000] {taskinstance.py:2306} INFO - Starting attempt 1 of 3
[2026-01-29T14:28:10.023+0000] {taskinstance.py:2330} INFO - Executing <Task(BashOperator): run_pipeline_docker> on 2026-01-27 23:00:00+00:00
[2026-01-29T14:28:10.032+0000] {standard_task_runner.py:64} INFO - Started process 1196 to run task
[2026-01-29T14:28:10.040+0000] {standard_task_runner.py:90} INFO - Running: ['***', 'tasks', 'run', 'sales_pipeline_dag', 'run_pipeline_docker', 'scheduled__2026-01-27T23:00:00+00:00', '--job-id', '39', '--raw', '--subdir', 'DAGS_FOLDER/sales_pipeline_dag.py', '--cfg-path', '/tmp/tmpx4sg0ux3']
[2026-01-29T14:28:10.045+0000] {standard_task_runner.py:91} INFO - Job 39: Subtask run_pipeline_docker
[2026-01-29T14:28:10.235+0000] {task_command.py:426} INFO - Running <TaskInstance: sales_pipeline_dag.run_pipeline_docker scheduled__2026-01-27T23:00:00+00:00 [running]> on host 7c1d54b766a9
[2026-01-29T14:28:11.077+0000] {taskinstance.py:2648} INFO - Exporting env vars: AIRFLOW_CTX_DAG_OWNER='***' AIRFLOW_CTX_DAG_ID='sales_pipeline_dag' AIRFLOW_CTX_TASK_ID='run_pipeline_docker' AIRFLOW_CTX_EXECUTION_DATE='2026-01-27T23:00:00+00:00' AIRFLOW_CTX_TRY_NUMBER='1' AIRFLOW_CTX_DAG_RUN_ID='scheduled__2026-01-27T23:00:00+00:00'
[2026-01-29T14:28:11.078+0000] {taskinstance.py:430} INFO - ::endgroup::
[2026-01-29T14:28:11.092+0000] {subprocess.py:63} INFO - Tmp dir root location: /tmp
[2026-01-29T14:28:11.094+0000] {subprocess.py:75} INFO - Running command: ['/usr/bin/bash', '-c', '\n        docker run --rm           mon_projet_dataops:latest           python src/run_pipeline.py --input raw/customers_dirty.csv\n        ']
[2026-01-29T14:28:11.112+0000] {subprocess.py:86} INFO - Output:
[2026-01-29T14:28:13.094+0000] {subprocess.py:93} INFO - Processing customers_dirty3.csv...
[2026-01-29T14:28:13.096+0000] {subprocess.py:93} INFO - Nombre de lignes initiales: 20
[2026-01-29T14:28:13.098+0000] {subprocess.py:93} INFO - Doublons supprim√©s: 0
[2026-01-29T14:28:13.099+0000] {subprocess.py:93} INFO -  Noms invalides supprim√©s: 2
[2026-01-29T14:28:13.100+0000] {subprocess.py:93} INFO - üìß Emails invalides supprim√©s: 2
[2026-01-29T14:28:13.102+0000] {subprocess.py:93} INFO -  Dates invalides supprim√©es: 2
[2026-01-29T14:28:13.103+0000] {subprocess.py:93} INFO - üåç Pays invalides supprim√©s: 1
[2026-01-29T14:28:13.105+0000] {subprocess.py:93} INFO - üë§ Ages invalides supprim√©s: 2
[2026-01-29T14:28:13.106+0000] {subprocess.py:93} INFO - üí∞ Montants invalides supprim√©s: 3
[2026-01-29T14:28:13.107+0000] {subprocess.py:93} INFO - üèÜ Tiers invalides supprim√©s: 2
[2026-01-29T14:28:13.108+0000] {subprocess.py:93} INFO - Nombre de lignes finales: 6
[2026-01-29T14:28:13.109+0000] {subprocess.py:93} INFO - Taux de rejet: 70.00%
[2026-01-29T14:28:13.110+0000] {subprocess.py:93} INFO - Processing customers_dirty2.csv...
[2026-01-29T14:28:13.112+0000] {subprocess.py:93} INFO - Nombre de lignes initiales: 10
[2026-01-29T14:28:13.114+0000] {subprocess.py:93} INFO - Doublons supprim√©s: 0
[2026-01-29T14:28:13.116+0000] {subprocess.py:93} INFO -  Noms invalides supprim√©s: 0
[2026-01-29T14:28:13.117+0000] {subprocess.py:93} INFO - üìß Emails invalides supprim√©s: 1
[2026-01-29T14:28:13.119+0000] {subprocess.py:93} INFO -  Dates invalides supprim√©es: 2
[2026-01-29T14:28:13.120+0000] {subprocess.py:93} INFO - üåç Pays invalides supprim√©s: 0
[2026-01-29T14:28:13.122+0000] {subprocess.py:93} INFO - üë§ Ages invalides supprim√©s: 1
[2026-01-29T14:28:13.123+0000] {subprocess.py:93} INFO - üí∞ Montants invalides supprim√©s: 1
[2026-01-29T14:28:13.124+0000] {subprocess.py:93} INFO - üèÜ Tiers invalides supprim√©s: 1
[2026-01-29T14:28:13.125+0000] {subprocess.py:93} INFO - Nombre de lignes finales: 4
[2026-01-29T14:28:13.127+0000] {subprocess.py:93} INFO - Taux de rejet: 60.00%
[2026-01-29T14:28:13.128+0000] {subprocess.py:93} INFO - Processing customers_dirty.csv...
[2026-01-29T14:28:13.129+0000] {subprocess.py:93} INFO - Nombre de lignes initiales: 10
[2026-01-29T14:28:13.131+0000] {subprocess.py:93} INFO - Doublons supprim√©s: 0
[2026-01-29T14:28:13.132+0000] {subprocess.py:93} INFO -  Noms invalides supprim√©s: 0
[2026-01-29T14:28:13.135+0000] {subprocess.py:93} INFO - üìß Emails invalides supprim√©s: 1
[2026-01-29T14:28:13.136+0000] {subprocess.py:93} INFO -  Dates invalides supprim√©es: 1
[2026-01-29T14:28:13.137+0000] {subprocess.py:93} INFO - üåç Pays invalides supprim√©s: 0
[2026-01-29T14:28:13.139+0000] {subprocess.py:93} INFO - üë§ Ages invalides supprim√©s: 2
[2026-01-29T14:28:13.140+0000] {subprocess.py:93} INFO - üí∞ Montants invalides supprim√©s: 1
[2026-01-29T14:28:13.141+0000] {subprocess.py:93} INFO - üèÜ Tiers invalides supprim√©s: 0
[2026-01-29T14:28:13.142+0000] {subprocess.py:93} INFO - Nombre de lignes finales: 5
[2026-01-29T14:28:13.143+0000] {subprocess.py:93} INFO - Taux de rejet: 50.00%
[2026-01-29T14:28:13.733+0000] {subprocess.py:97} INFO - Command exited with return code 0
[2026-01-29T14:28:13.735+0000] {taskinstance.py:441} INFO - ::group::Post task execution logs
[2026-01-29T14:28:13.796+0000] {taskinstance.py:1206} INFO - Marking task as SUCCESS. dag_id=sales_pipeline_dag, task_id=run_pipeline_docker, run_id=scheduled__2026-01-27T23:00:00+00:00, execution_date=20260127T230000, start_date=20260129T142809, end_date=20260129T142813
[2026-01-29T14:28:13.873+0000] {local_task_job_runner.py:243} INFO - Task exited with return code 0
[2026-01-29T14:28:13.917+0000] {taskinstance.py:3503} INFO - 0 downstream tasks scheduled from follow-on schedule check
[2026-01-29T14:28:13.922+0000] {local_task_job_runner.py:222} INFO - ::endgroup::
