[2026-01-29T14:02:28.970+0000] {local_task_job_runner.py:120} INFO - ::group::Pre task execution logs
[2026-01-29T14:02:29.082+0000] {taskinstance.py:2076} INFO - Dependencies all met for dep_context=non-requeueable deps ti=<TaskInstance: sales_pipeline_dag.run_pipeline_docker scheduled__2026-01-27T23:00:00+00:00 [queued]>
[2026-01-29T14:02:29.109+0000] {taskinstance.py:2076} INFO - Dependencies all met for dep_context=requeueable deps ti=<TaskInstance: sales_pipeline_dag.run_pipeline_docker scheduled__2026-01-27T23:00:00+00:00 [queued]>
[2026-01-29T14:02:29.113+0000] {taskinstance.py:2306} INFO - Starting attempt 2 of 3
[2026-01-29T14:02:29.149+0000] {taskinstance.py:2330} INFO - Executing <Task(BashOperator): run_pipeline_docker> on 2026-01-27 23:00:00+00:00
[2026-01-29T14:02:29.167+0000] {standard_task_runner.py:64} INFO - Started process 534 to run task
[2026-01-29T14:02:29.180+0000] {standard_task_runner.py:90} INFO - Running: ['***', 'tasks', 'run', 'sales_pipeline_dag', 'run_pipeline_docker', 'scheduled__2026-01-27T23:00:00+00:00', '--job-id', '10', '--raw', '--subdir', 'DAGS_FOLDER/sales_pipeline_dag.py', '--cfg-path', '/tmp/tmp6b2pozwv']
[2026-01-29T14:02:29.190+0000] {standard_task_runner.py:91} INFO - Job 10: Subtask run_pipeline_docker
[2026-01-29T14:02:29.420+0000] {task_command.py:426} INFO - Running <TaskInstance: sales_pipeline_dag.run_pipeline_docker scheduled__2026-01-27T23:00:00+00:00 [running]> on host 7c1d54b766a9
[2026-01-29T14:02:30.113+0000] {taskinstance.py:2648} INFO - Exporting env vars: AIRFLOW_CTX_DAG_OWNER='***' AIRFLOW_CTX_DAG_ID='sales_pipeline_dag' AIRFLOW_CTX_TASK_ID='run_pipeline_docker' AIRFLOW_CTX_EXECUTION_DATE='2026-01-27T23:00:00+00:00' AIRFLOW_CTX_TRY_NUMBER='2' AIRFLOW_CTX_DAG_RUN_ID='scheduled__2026-01-27T23:00:00+00:00'
[2026-01-29T14:02:30.115+0000] {taskinstance.py:430} INFO - ::endgroup::
[2026-01-29T14:02:30.145+0000] {subprocess.py:63} INFO - Tmp dir root location: /tmp
[2026-01-29T14:02:30.149+0000] {subprocess.py:75} INFO - Running command: ['/usr/bin/bash', '-c', '\n        docker run --rm           -v $(pwd):/app           mon_projet_dataops:latest           python main.py --input raw/customers_dirty.csv\n        ']
[2026-01-29T14:02:30.187+0000] {subprocess.py:86} INFO - Output:
[2026-01-29T14:02:30.289+0000] {subprocess.py:93} INFO - Unable to find image 'mon_projet_dataops:latest' locally
[2026-01-29T14:02:30.942+0000] {subprocess.py:93} INFO - docker: Error response from daemon: pull access denied for mon_projet_dataops, repository does not exist or may require 'docker login'.
[2026-01-29T14:02:30.944+0000] {subprocess.py:93} INFO - See 'docker run --help'.
[2026-01-29T14:02:30.954+0000] {subprocess.py:97} INFO - Command exited with return code 125
[2026-01-29T14:02:30.957+0000] {taskinstance.py:441} INFO - ::group::Post task execution logs
[2026-01-29T14:02:30.995+0000] {taskinstance.py:2905} ERROR - Task failed with exception
Traceback (most recent call last):
  File "/home/airflow/.local/lib/python3.11/site-packages/airflow/models/taskinstance.py", line 465, in _execute_task
    result = _execute_callable(context=context, **execute_callable_kwargs)
             ^^^^^^^^^^^^^^^^^^^^^^^^^^^^^^^^^^^^^^^^^^^^^^^^^^^^^^^^^^^^^
  File "/home/airflow/.local/lib/python3.11/site-packages/airflow/models/taskinstance.py", line 432, in _execute_callable
    return execute_callable(context=context, **execute_callable_kwargs)
           ^^^^^^^^^^^^^^^^^^^^^^^^^^^^^^^^^^^^^^^^^^^^^^^^^^^^^^^^^^^^
  File "/home/airflow/.local/lib/python3.11/site-packages/airflow/models/baseoperator.py", line 401, in wrapper
    return func(self, *args, **kwargs)
           ^^^^^^^^^^^^^^^^^^^^^^^^^^^
  File "/home/airflow/.local/lib/python3.11/site-packages/airflow/operators/bash.py", line 243, in execute
    raise AirflowException(
airflow.exceptions.AirflowException: Bash command failed. The command returned a non-zero exit code 125.
[2026-01-29T14:02:31.005+0000] {taskinstance.py:1206} INFO - Marking task as UP_FOR_RETRY. dag_id=sales_pipeline_dag, task_id=run_pipeline_docker, run_id=scheduled__2026-01-27T23:00:00+00:00, execution_date=20260127T230000, start_date=20260129T140229, end_date=20260129T140231
[2026-01-29T14:02:31.039+0000] {standard_task_runner.py:110} ERROR - Failed to execute job 10 for task run_pipeline_docker (Bash command failed. The command returned a non-zero exit code 125.; 534)
[2026-01-29T14:02:31.126+0000] {local_task_job_runner.py:243} INFO - Task exited with return code 1
[2026-01-29T14:02:31.168+0000] {taskinstance.py:3503} INFO - 0 downstream tasks scheduled from follow-on schedule check
[2026-01-29T14:02:31.172+0000] {local_task_job_runner.py:222} INFO - ::endgroup::
