[2026-01-29T13:57:04.888+0000] {local_task_job_runner.py:120} INFO - ::group::Pre task execution logs
[2026-01-29T13:57:04.943+0000] {taskinstance.py:2076} INFO - Dependencies all met for dep_context=non-requeueable deps ti=<TaskInstance: sales_pipeline_dag.run_pipeline_docker manual__2026-01-29T13:56:58+00:00 [queued]>
[2026-01-29T13:57:04.958+0000] {taskinstance.py:2076} INFO - Dependencies all met for dep_context=requeueable deps ti=<TaskInstance: sales_pipeline_dag.run_pipeline_docker manual__2026-01-29T13:56:58+00:00 [queued]>
[2026-01-29T13:57:04.959+0000] {taskinstance.py:2306} INFO - Starting attempt 1 of 3
[2026-01-29T13:57:04.979+0000] {taskinstance.py:2330} INFO - Executing <Task(BashOperator): run_pipeline_docker> on 2026-01-29 13:56:58+00:00
[2026-01-29T13:57:04.988+0000] {standard_task_runner.py:64} INFO - Started process 401 to run task
[2026-01-29T13:57:04.993+0000] {standard_task_runner.py:90} INFO - Running: ['***', 'tasks', 'run', 'sales_pipeline_dag', 'run_pipeline_docker', 'manual__2026-01-29T13:56:58+00:00', '--job-id', '4', '--raw', '--subdir', 'DAGS_FOLDER/sales_pipeline_dag.py', '--cfg-path', '/tmp/tmpl7c2n639']
[2026-01-29T13:57:04.998+0000] {standard_task_runner.py:91} INFO - Job 4: Subtask run_pipeline_docker
[2026-01-29T13:57:05.117+0000] {task_command.py:426} INFO - Running <TaskInstance: sales_pipeline_dag.run_pipeline_docker manual__2026-01-29T13:56:58+00:00 [running]> on host 7c1d54b766a9
[2026-01-29T13:57:05.465+0000] {taskinstance.py:2648} INFO - Exporting env vars: AIRFLOW_CTX_DAG_OWNER='***' AIRFLOW_CTX_DAG_ID='sales_pipeline_dag' AIRFLOW_CTX_TASK_ID='run_pipeline_docker' AIRFLOW_CTX_EXECUTION_DATE='2026-01-29T13:56:58+00:00' AIRFLOW_CTX_TRY_NUMBER='1' AIRFLOW_CTX_DAG_RUN_ID='manual__2026-01-29T13:56:58+00:00'
[2026-01-29T13:57:05.466+0000] {taskinstance.py:430} INFO - ::endgroup::
[2026-01-29T13:57:05.482+0000] {subprocess.py:63} INFO - Tmp dir root location: /tmp
[2026-01-29T13:57:05.484+0000] {subprocess.py:75} INFO - Running command: ['/usr/bin/bash', '-c', '\n        docker run --rm           -v $(pwd):/app           mon_projet_dataops:latest           python main.py --input raw/customers_dirty2.csv\n        ']
[2026-01-29T13:57:05.503+0000] {subprocess.py:86} INFO - Output:
[2026-01-29T13:57:05.572+0000] {subprocess.py:93} INFO - Unable to find image 'mon_projet_dataops:latest' locally
[2026-01-29T13:57:06.050+0000] {subprocess.py:93} INFO - docker: Error response from daemon: pull access denied for mon_projet_dataops, repository does not exist or may require 'docker login'.
[2026-01-29T13:57:06.051+0000] {subprocess.py:93} INFO - See 'docker run --help'.
[2026-01-29T13:57:06.055+0000] {subprocess.py:97} INFO - Command exited with return code 125
[2026-01-29T13:57:06.056+0000] {taskinstance.py:441} INFO - ::group::Post task execution logs
[2026-01-29T13:57:06.077+0000] {taskinstance.py:2905} ERROR - Task failed with exception
Traceback (most recent call last):
  File "/home/airflow/.local/lib/python3.11/site-packages/airflow/models/taskinstance.py", line 465, in _execute_task
    result = _execute_callable(context=context, **execute_callable_kwargs)
             ^^^^^^^^^^^^^^^^^^^^^^^^^^^^^^^^^^^^^^^^^^^^^^^^^^^^^^^^^^^^^
  File "/home/airflow/.local/lib/python3.11/site-packages/airflow/models/taskinstance.py", line 432, in _execute_callable
    return execute_callable(context=context, **execute_callable_kwargs)
           ^^^^^^^^^^^^^^^^^^^^^^^^^^^^^^^^^^^^^^^^^^^^^^^^^^^^^^^^^^^^
  File "/home/airflow/.local/lib/python3.11/site-packages/airflow/models/baseoperator.py", line 401, in wrapper
    return func(self, *args, **kwargs)
           ^^^^^^^^^^^^^^^^^^^^^^^^^^^
  File "/home/airflow/.local/lib/python3.11/site-packages/airflow/operators/bash.py", line 243, in execute
    raise AirflowException(
airflow.exceptions.AirflowException: Bash command failed. The command returned a non-zero exit code 125.
[2026-01-29T13:57:06.083+0000] {taskinstance.py:1206} INFO - Marking task as UP_FOR_RETRY. dag_id=sales_pipeline_dag, task_id=run_pipeline_docker, run_id=manual__2026-01-29T13:56:58+00:00, execution_date=20260129T135658, start_date=20260129T135704, end_date=20260129T135706
[2026-01-29T13:57:06.102+0000] {standard_task_runner.py:110} ERROR - Failed to execute job 4 for task run_pipeline_docker (Bash command failed. The command returned a non-zero exit code 125.; 401)
[2026-01-29T13:57:06.173+0000] {local_task_job_runner.py:243} INFO - Task exited with return code 1
[2026-01-29T13:57:06.194+0000] {taskinstance.py:3503} INFO - 0 downstream tasks scheduled from follow-on schedule check
[2026-01-29T13:57:06.197+0000] {local_task_job_runner.py:222} INFO - ::endgroup::
