[2026-01-29T14:06:41.472+0000] {local_task_job_runner.py:120} INFO - ::group::Pre task execution logs
[2026-01-29T14:06:41.575+0000] {taskinstance.py:2076} INFO - Dependencies all met for dep_context=non-requeueable deps ti=<TaskInstance: sales_pipeline_dag.run_pipeline_docker manual__2026-01-29T13:56:28+00:00 [queued]>
[2026-01-29T14:06:41.597+0000] {taskinstance.py:2076} INFO - Dependencies all met for dep_context=requeueable deps ti=<TaskInstance: sales_pipeline_dag.run_pipeline_docker manual__2026-01-29T13:56:28+00:00 [queued]>
[2026-01-29T14:06:41.599+0000] {taskinstance.py:2306} INFO - Starting attempt 3 of 3
[2026-01-29T14:06:41.632+0000] {taskinstance.py:2330} INFO - Executing <Task(BashOperator): run_pipeline_docker> on 2026-01-29 13:56:28+00:00
[2026-01-29T14:06:41.651+0000] {standard_task_runner.py:64} INFO - Started process 621 to run task
[2026-01-29T14:06:41.663+0000] {standard_task_runner.py:90} INFO - Running: ['***', 'tasks', 'run', 'sales_pipeline_dag', 'run_pipeline_docker', 'manual__2026-01-29T13:56:28+00:00', '--job-id', '13', '--raw', '--subdir', 'DAGS_FOLDER/sales_pipeline_dag.py', '--cfg-path', '/tmp/tmpx_ie80bi']
[2026-01-29T14:06:41.673+0000] {standard_task_runner.py:91} INFO - Job 13: Subtask run_pipeline_docker
[2026-01-29T14:06:41.905+0000] {task_command.py:426} INFO - Running <TaskInstance: sales_pipeline_dag.run_pipeline_docker manual__2026-01-29T13:56:28+00:00 [running]> on host 7c1d54b766a9
[2026-01-29T14:06:42.573+0000] {taskinstance.py:2648} INFO - Exporting env vars: AIRFLOW_CTX_DAG_OWNER='***' AIRFLOW_CTX_DAG_ID='sales_pipeline_dag' AIRFLOW_CTX_TASK_ID='run_pipeline_docker' AIRFLOW_CTX_EXECUTION_DATE='2026-01-29T13:56:28+00:00' AIRFLOW_CTX_TRY_NUMBER='3' AIRFLOW_CTX_DAG_RUN_ID='manual__2026-01-29T13:56:28+00:00'
[2026-01-29T14:06:42.576+0000] {taskinstance.py:430} INFO - ::endgroup::
[2026-01-29T14:06:42.606+0000] {subprocess.py:63} INFO - Tmp dir root location: /tmp
[2026-01-29T14:06:42.610+0000] {subprocess.py:75} INFO - Running command: ['/usr/bin/bash', '-c', '\n        docker run --rm           -v $(pwd):/app           mon_projet_dataops:latest           python main.py --input raw/customers_dirty.csv\n        ']
[2026-01-29T14:06:42.652+0000] {subprocess.py:86} INFO - Output:
[2026-01-29T14:06:43.727+0000] {subprocess.py:93} INFO - python: can't open file '/app/main.py': [Errno 2] No such file or directory
[2026-01-29T14:06:44.269+0000] {subprocess.py:97} INFO - Command exited with return code 2
[2026-01-29T14:06:44.272+0000] {taskinstance.py:441} INFO - ::group::Post task execution logs
[2026-01-29T14:06:44.332+0000] {taskinstance.py:2905} ERROR - Task failed with exception
Traceback (most recent call last):
  File "/home/airflow/.local/lib/python3.11/site-packages/airflow/models/taskinstance.py", line 465, in _execute_task
    result = _execute_callable(context=context, **execute_callable_kwargs)
             ^^^^^^^^^^^^^^^^^^^^^^^^^^^^^^^^^^^^^^^^^^^^^^^^^^^^^^^^^^^^^
  File "/home/airflow/.local/lib/python3.11/site-packages/airflow/models/taskinstance.py", line 432, in _execute_callable
    return execute_callable(context=context, **execute_callable_kwargs)
           ^^^^^^^^^^^^^^^^^^^^^^^^^^^^^^^^^^^^^^^^^^^^^^^^^^^^^^^^^^^^
  File "/home/airflow/.local/lib/python3.11/site-packages/airflow/models/baseoperator.py", line 401, in wrapper
    return func(self, *args, **kwargs)
           ^^^^^^^^^^^^^^^^^^^^^^^^^^^
  File "/home/airflow/.local/lib/python3.11/site-packages/airflow/operators/bash.py", line 243, in execute
    raise AirflowException(
airflow.exceptions.AirflowException: Bash command failed. The command returned a non-zero exit code 2.
[2026-01-29T14:06:44.360+0000] {taskinstance.py:1206} INFO - Marking task as FAILED. dag_id=sales_pipeline_dag, task_id=run_pipeline_docker, run_id=manual__2026-01-29T13:56:28+00:00, execution_date=20260129T135628, start_date=20260129T140641, end_date=20260129T140644
[2026-01-29T14:06:44.414+0000] {standard_task_runner.py:110} ERROR - Failed to execute job 13 for task run_pipeline_docker (Bash command failed. The command returned a non-zero exit code 2.; 621)
[2026-01-29T14:06:44.535+0000] {local_task_job_runner.py:243} INFO - Task exited with return code 1
[2026-01-29T14:06:44.639+0000] {taskinstance.py:3503} INFO - 0 downstream tasks scheduled from follow-on schedule check
[2026-01-29T14:06:44.645+0000] {local_task_job_runner.py:222} INFO - ::endgroup::
