[2026-01-29T14:21:49.938+0000] {local_task_job_runner.py:120} INFO - ::group::Pre task execution logs
[2026-01-29T14:21:49.987+0000] {taskinstance.py:2076} INFO - Dependencies all met for dep_context=non-requeueable deps ti=<TaskInstance: sales_pipeline_dag.run_pipeline_docker manual__2026-01-29T14:21:45+00:00 [queued]>
[2026-01-29T14:21:49.997+0000] {taskinstance.py:2076} INFO - Dependencies all met for dep_context=requeueable deps ti=<TaskInstance: sales_pipeline_dag.run_pipeline_docker manual__2026-01-29T14:21:45+00:00 [queued]>
[2026-01-29T14:21:49.998+0000] {taskinstance.py:2306} INFO - Starting attempt 1 of 3
[2026-01-29T14:21:50.013+0000] {taskinstance.py:2330} INFO - Executing <Task(BashOperator): run_pipeline_docker> on 2026-01-29 14:21:45+00:00
[2026-01-29T14:21:50.021+0000] {standard_task_runner.py:64} INFO - Started process 967 to run task
[2026-01-29T14:21:50.027+0000] {standard_task_runner.py:90} INFO - Running: ['***', 'tasks', 'run', 'sales_pipeline_dag', 'run_pipeline_docker', 'manual__2026-01-29T14:21:45+00:00', '--job-id', '27', '--raw', '--subdir', 'DAGS_FOLDER/sales_pipeline_dag.py', '--cfg-path', '/tmp/tmpb73syg5z']
[2026-01-29T14:21:50.032+0000] {standard_task_runner.py:91} INFO - Job 27: Subtask run_pipeline_docker
[2026-01-29T14:21:50.143+0000] {task_command.py:426} INFO - Running <TaskInstance: sales_pipeline_dag.run_pipeline_docker manual__2026-01-29T14:21:45+00:00 [running]> on host 7c1d54b766a9
[2026-01-29T14:21:50.466+0000] {taskinstance.py:2648} INFO - Exporting env vars: AIRFLOW_CTX_DAG_OWNER='***' AIRFLOW_CTX_DAG_ID='sales_pipeline_dag' AIRFLOW_CTX_TASK_ID='run_pipeline_docker' AIRFLOW_CTX_EXECUTION_DATE='2026-01-29T14:21:45+00:00' AIRFLOW_CTX_TRY_NUMBER='1' AIRFLOW_CTX_DAG_RUN_ID='manual__2026-01-29T14:21:45+00:00'
[2026-01-29T14:21:50.468+0000] {taskinstance.py:430} INFO - ::endgroup::
[2026-01-29T14:21:50.480+0000] {subprocess.py:63} INFO - Tmp dir root location: /tmp
[2026-01-29T14:21:50.482+0000] {subprocess.py:75} INFO - Running command: ['/usr/bin/bash', '-c', '\n        docker run --rm           -v $(pwd):/app           mon_projet_dataops:latest           python src/run_pipeline.py --input raw/customers_dirty2.csv\n        ']
[2026-01-29T14:21:50.501+0000] {subprocess.py:86} INFO - Output:
[2026-01-29T14:21:51.134+0000] {subprocess.py:93} INFO - python: can't open file '/app/src/run_pipeline.py': [Errno 2] No such file or directory
[2026-01-29T14:21:51.462+0000] {subprocess.py:97} INFO - Command exited with return code 2
[2026-01-29T14:21:51.464+0000] {taskinstance.py:441} INFO - ::group::Post task execution logs
[2026-01-29T14:21:51.500+0000] {taskinstance.py:2905} ERROR - Task failed with exception
Traceback (most recent call last):
  File "/home/airflow/.local/lib/python3.11/site-packages/airflow/models/taskinstance.py", line 465, in _execute_task
    result = _execute_callable(context=context, **execute_callable_kwargs)
             ^^^^^^^^^^^^^^^^^^^^^^^^^^^^^^^^^^^^^^^^^^^^^^^^^^^^^^^^^^^^^
  File "/home/airflow/.local/lib/python3.11/site-packages/airflow/models/taskinstance.py", line 432, in _execute_callable
    return execute_callable(context=context, **execute_callable_kwargs)
           ^^^^^^^^^^^^^^^^^^^^^^^^^^^^^^^^^^^^^^^^^^^^^^^^^^^^^^^^^^^^
  File "/home/airflow/.local/lib/python3.11/site-packages/airflow/models/baseoperator.py", line 401, in wrapper
    return func(self, *args, **kwargs)
           ^^^^^^^^^^^^^^^^^^^^^^^^^^^
  File "/home/airflow/.local/lib/python3.11/site-packages/airflow/operators/bash.py", line 243, in execute
    raise AirflowException(
airflow.exceptions.AirflowException: Bash command failed. The command returned a non-zero exit code 2.
[2026-01-29T14:21:51.512+0000] {taskinstance.py:1206} INFO - Marking task as UP_FOR_RETRY. dag_id=sales_pipeline_dag, task_id=run_pipeline_docker, run_id=manual__2026-01-29T14:21:45+00:00, execution_date=20260129T142145, start_date=20260129T142149, end_date=20260129T142151
[2026-01-29T14:21:51.538+0000] {standard_task_runner.py:110} ERROR - Failed to execute job 27 for task run_pipeline_docker (Bash command failed. The command returned a non-zero exit code 2.; 967)
[2026-01-29T14:21:51.606+0000] {local_task_job_runner.py:243} INFO - Task exited with return code 1
[2026-01-29T14:21:51.645+0000] {taskinstance.py:3503} INFO - 0 downstream tasks scheduled from follow-on schedule check
[2026-01-29T14:21:51.648+0000] {local_task_job_runner.py:222} INFO - ::endgroup::
