[2026-01-29T13:58:07.191+0000] {local_task_job_runner.py:120} INFO - ::group::Pre task execution logs
[2026-01-29T13:58:07.273+0000] {taskinstance.py:2076} INFO - Dependencies all met for dep_context=non-requeueable deps ti=<TaskInstance: sales_pipeline_dag.run_pipeline_docker manual__2026-01-29T13:58:02+00:00 [queued]>
[2026-01-29T13:58:07.290+0000] {taskinstance.py:2076} INFO - Dependencies all met for dep_context=requeueable deps ti=<TaskInstance: sales_pipeline_dag.run_pipeline_docker manual__2026-01-29T13:58:02+00:00 [queued]>
[2026-01-29T13:58:07.291+0000] {taskinstance.py:2306} INFO - Starting attempt 1 of 3
[2026-01-29T13:58:07.311+0000] {taskinstance.py:2330} INFO - Executing <Task(BashOperator): run_pipeline_docker> on 2026-01-29 13:58:02+00:00
[2026-01-29T13:58:07.322+0000] {standard_task_runner.py:64} INFO - Started process 452 to run task
[2026-01-29T13:58:07.327+0000] {standard_task_runner.py:90} INFO - Running: ['***', 'tasks', 'run', 'sales_pipeline_dag', 'run_pipeline_docker', 'manual__2026-01-29T13:58:02+00:00', '--job-id', '7', '--raw', '--subdir', 'DAGS_FOLDER/sales_pipeline_dag.py', '--cfg-path', '/tmp/tmpg32r8_dz']
[2026-01-29T13:58:07.331+0000] {standard_task_runner.py:91} INFO - Job 7: Subtask run_pipeline_docker
[2026-01-29T13:58:07.445+0000] {task_command.py:426} INFO - Running <TaskInstance: sales_pipeline_dag.run_pipeline_docker manual__2026-01-29T13:58:02+00:00 [running]> on host 7c1d54b766a9
[2026-01-29T13:58:07.828+0000] {taskinstance.py:2648} INFO - Exporting env vars: AIRFLOW_CTX_DAG_OWNER='***' AIRFLOW_CTX_DAG_ID='sales_pipeline_dag' AIRFLOW_CTX_TASK_ID='run_pipeline_docker' AIRFLOW_CTX_EXECUTION_DATE='2026-01-29T13:58:02+00:00' AIRFLOW_CTX_TRY_NUMBER='1' AIRFLOW_CTX_DAG_RUN_ID='manual__2026-01-29T13:58:02+00:00'
[2026-01-29T13:58:07.830+0000] {taskinstance.py:430} INFO - ::endgroup::
[2026-01-29T13:58:07.843+0000] {subprocess.py:63} INFO - Tmp dir root location: /tmp
[2026-01-29T13:58:07.845+0000] {subprocess.py:75} INFO - Running command: ['/usr/bin/bash', '-c', '\n        docker run --rm           -v $(pwd):/app           mon_projet_dataops:latest           python main.py --input raw/customers_dirteeeey.csv\n        ']
[2026-01-29T13:58:07.865+0000] {subprocess.py:86} INFO - Output:
[2026-01-29T13:58:07.927+0000] {subprocess.py:93} INFO - Unable to find image 'mon_projet_dataops:latest' locally
[2026-01-29T13:58:08.440+0000] {subprocess.py:93} INFO - docker: Error response from daemon: pull access denied for mon_projet_dataops, repository does not exist or may require 'docker login'.
[2026-01-29T13:58:08.441+0000] {subprocess.py:93} INFO - See 'docker run --help'.
[2026-01-29T13:58:08.446+0000] {subprocess.py:97} INFO - Command exited with return code 125
[2026-01-29T13:58:08.447+0000] {taskinstance.py:441} INFO - ::group::Post task execution logs
[2026-01-29T13:58:08.466+0000] {taskinstance.py:2905} ERROR - Task failed with exception
Traceback (most recent call last):
  File "/home/airflow/.local/lib/python3.11/site-packages/airflow/models/taskinstance.py", line 465, in _execute_task
    result = _execute_callable(context=context, **execute_callable_kwargs)
             ^^^^^^^^^^^^^^^^^^^^^^^^^^^^^^^^^^^^^^^^^^^^^^^^^^^^^^^^^^^^^
  File "/home/airflow/.local/lib/python3.11/site-packages/airflow/models/taskinstance.py", line 432, in _execute_callable
    return execute_callable(context=context, **execute_callable_kwargs)
           ^^^^^^^^^^^^^^^^^^^^^^^^^^^^^^^^^^^^^^^^^^^^^^^^^^^^^^^^^^^^
  File "/home/airflow/.local/lib/python3.11/site-packages/airflow/models/baseoperator.py", line 401, in wrapper
    return func(self, *args, **kwargs)
           ^^^^^^^^^^^^^^^^^^^^^^^^^^^
  File "/home/airflow/.local/lib/python3.11/site-packages/airflow/operators/bash.py", line 243, in execute
    raise AirflowException(
airflow.exceptions.AirflowException: Bash command failed. The command returned a non-zero exit code 125.
[2026-01-29T13:58:08.472+0000] {taskinstance.py:1206} INFO - Marking task as UP_FOR_RETRY. dag_id=sales_pipeline_dag, task_id=run_pipeline_docker, run_id=manual__2026-01-29T13:58:02+00:00, execution_date=20260129T135802, start_date=20260129T135807, end_date=20260129T135808
[2026-01-29T13:58:08.489+0000] {standard_task_runner.py:110} ERROR - Failed to execute job 7 for task run_pipeline_docker (Bash command failed. The command returned a non-zero exit code 125.; 452)
[2026-01-29T13:58:08.546+0000] {local_task_job_runner.py:243} INFO - Task exited with return code 1
[2026-01-29T13:58:08.571+0000] {taskinstance.py:3503} INFO - 0 downstream tasks scheduled from follow-on schedule check
[2026-01-29T13:58:08.574+0000] {local_task_job_runner.py:222} INFO - ::endgroup::
