[2026-01-29T14:14:41.353+0000] {local_task_job_runner.py:120} INFO - ::group::Pre task execution logs
[2026-01-29T14:14:41.407+0000] {taskinstance.py:2076} INFO - Dependencies all met for dep_context=non-requeueable deps ti=<TaskInstance: sales_pipeline_dag.run_pipeline_docker manual__2026-01-29T14:09:34+00:00 [queued]>
[2026-01-29T14:14:41.418+0000] {taskinstance.py:2076} INFO - Dependencies all met for dep_context=requeueable deps ti=<TaskInstance: sales_pipeline_dag.run_pipeline_docker manual__2026-01-29T14:09:34+00:00 [queued]>
[2026-01-29T14:14:41.419+0000] {taskinstance.py:2306} INFO - Starting attempt 2 of 3
[2026-01-29T14:14:41.437+0000] {taskinstance.py:2330} INFO - Executing <Task(BashOperator): run_pipeline_docker> on 2026-01-29 14:09:34+00:00
[2026-01-29T14:14:41.446+0000] {standard_task_runner.py:64} INFO - Started process 819 to run task
[2026-01-29T14:14:41.453+0000] {standard_task_runner.py:90} INFO - Running: ['***', 'tasks', 'run', 'sales_pipeline_dag', 'run_pipeline_docker', 'manual__2026-01-29T14:09:34+00:00', '--job-id', '22', '--raw', '--subdir', 'DAGS_FOLDER/sales_pipeline_dag.py', '--cfg-path', '/tmp/tmprq_qs1gr']
[2026-01-29T14:14:41.458+0000] {standard_task_runner.py:91} INFO - Job 22: Subtask run_pipeline_docker
[2026-01-29T14:14:41.576+0000] {task_command.py:426} INFO - Running <TaskInstance: sales_pipeline_dag.run_pipeline_docker manual__2026-01-29T14:09:34+00:00 [running]> on host 7c1d54b766a9
[2026-01-29T14:14:41.908+0000] {taskinstance.py:2648} INFO - Exporting env vars: AIRFLOW_CTX_DAG_OWNER='***' AIRFLOW_CTX_DAG_ID='sales_pipeline_dag' AIRFLOW_CTX_TASK_ID='run_pipeline_docker' AIRFLOW_CTX_EXECUTION_DATE='2026-01-29T14:09:34+00:00' AIRFLOW_CTX_TRY_NUMBER='2' AIRFLOW_CTX_DAG_RUN_ID='manual__2026-01-29T14:09:34+00:00'
[2026-01-29T14:14:41.909+0000] {taskinstance.py:430} INFO - ::endgroup::
[2026-01-29T14:14:41.923+0000] {subprocess.py:63} INFO - Tmp dir root location: /tmp
[2026-01-29T14:14:41.926+0000] {subprocess.py:75} INFO - Running command: ['/usr/bin/bash', '-c', '\n        docker run --rm           -v $(pwd):/app           mon_projet_dataops:latest           python main.py --input raw/customers_dirty.csv\n        ']
[2026-01-29T14:14:41.943+0000] {subprocess.py:86} INFO - Output:
[2026-01-29T14:14:42.544+0000] {subprocess.py:93} INFO - python: can't open file '/app/main.py': [Errno 2] No such file or directory
[2026-01-29T14:14:42.908+0000] {subprocess.py:97} INFO - Command exited with return code 2
[2026-01-29T14:14:42.910+0000] {taskinstance.py:441} INFO - ::group::Post task execution logs
[2026-01-29T14:14:42.935+0000] {taskinstance.py:2905} ERROR - Task failed with exception
Traceback (most recent call last):
  File "/home/airflow/.local/lib/python3.11/site-packages/airflow/models/taskinstance.py", line 465, in _execute_task
    result = _execute_callable(context=context, **execute_callable_kwargs)
             ^^^^^^^^^^^^^^^^^^^^^^^^^^^^^^^^^^^^^^^^^^^^^^^^^^^^^^^^^^^^^
  File "/home/airflow/.local/lib/python3.11/site-packages/airflow/models/taskinstance.py", line 432, in _execute_callable
    return execute_callable(context=context, **execute_callable_kwargs)
           ^^^^^^^^^^^^^^^^^^^^^^^^^^^^^^^^^^^^^^^^^^^^^^^^^^^^^^^^^^^^
  File "/home/airflow/.local/lib/python3.11/site-packages/airflow/models/baseoperator.py", line 401, in wrapper
    return func(self, *args, **kwargs)
           ^^^^^^^^^^^^^^^^^^^^^^^^^^^
  File "/home/airflow/.local/lib/python3.11/site-packages/airflow/operators/bash.py", line 243, in execute
    raise AirflowException(
airflow.exceptions.AirflowException: Bash command failed. The command returned a non-zero exit code 2.
[2026-01-29T14:14:42.942+0000] {taskinstance.py:1206} INFO - Marking task as UP_FOR_RETRY. dag_id=sales_pipeline_dag, task_id=run_pipeline_docker, run_id=manual__2026-01-29T14:09:34+00:00, execution_date=20260129T140934, start_date=20260129T141441, end_date=20260129T141442
[2026-01-29T14:14:42.969+0000] {standard_task_runner.py:110} ERROR - Failed to execute job 22 for task run_pipeline_docker (Bash command failed. The command returned a non-zero exit code 2.; 819)
[2026-01-29T14:14:43.034+0000] {local_task_job_runner.py:243} INFO - Task exited with return code 1
[2026-01-29T14:14:43.072+0000] {taskinstance.py:3503} INFO - 0 downstream tasks scheduled from follow-on schedule check
[2026-01-29T14:14:43.076+0000] {local_task_job_runner.py:222} INFO - ::endgroup::
