[2026-01-29T14:16:09.440+0000] {local_task_job_runner.py:120} INFO - ::group::Pre task execution logs
[2026-01-29T14:16:09.485+0000] {taskinstance.py:2076} INFO - Dependencies all met for dep_context=non-requeueable deps ti=<TaskInstance: sales_pipeline_dag.run_pipeline_docker manual__2026-01-29T14:16:03+00:00 [queued]>
[2026-01-29T14:16:09.495+0000] {taskinstance.py:2076} INFO - Dependencies all met for dep_context=requeueable deps ti=<TaskInstance: sales_pipeline_dag.run_pipeline_docker manual__2026-01-29T14:16:03+00:00 [queued]>
[2026-01-29T14:16:09.496+0000] {taskinstance.py:2306} INFO - Starting attempt 1 of 3
[2026-01-29T14:16:09.512+0000] {taskinstance.py:2330} INFO - Executing <Task(BashOperator): run_pipeline_docker> on 2026-01-29 14:16:03+00:00
[2026-01-29T14:16:09.522+0000] {standard_task_runner.py:64} INFO - Started process 852 to run task
[2026-01-29T14:16:09.527+0000] {standard_task_runner.py:90} INFO - Running: ['***', 'tasks', 'run', 'sales_pipeline_dag', 'run_pipeline_docker', 'manual__2026-01-29T14:16:03+00:00', '--job-id', '23', '--raw', '--subdir', 'DAGS_FOLDER/sales_pipeline_dag.py', '--cfg-path', '/tmp/tmpku6510mq']
[2026-01-29T14:16:09.531+0000] {standard_task_runner.py:91} INFO - Job 23: Subtask run_pipeline_docker
[2026-01-29T14:16:09.638+0000] {task_command.py:426} INFO - Running <TaskInstance: sales_pipeline_dag.run_pipeline_docker manual__2026-01-29T14:16:03+00:00 [running]> on host 7c1d54b766a9
[2026-01-29T14:16:09.967+0000] {taskinstance.py:2648} INFO - Exporting env vars: AIRFLOW_CTX_DAG_OWNER='***' AIRFLOW_CTX_DAG_ID='sales_pipeline_dag' AIRFLOW_CTX_TASK_ID='run_pipeline_docker' AIRFLOW_CTX_EXECUTION_DATE='2026-01-29T14:16:03+00:00' AIRFLOW_CTX_TRY_NUMBER='1' AIRFLOW_CTX_DAG_RUN_ID='manual__2026-01-29T14:16:03+00:00'
[2026-01-29T14:16:09.968+0000] {taskinstance.py:430} INFO - ::endgroup::
[2026-01-29T14:16:09.982+0000] {subprocess.py:63} INFO - Tmp dir root location: /tmp
[2026-01-29T14:16:09.983+0000] {subprocess.py:75} INFO - Running command: ['/usr/bin/bash', '-c', '\n        docker run --rm           -v $(pwd):/app           mon_projet_dataops:latest           python run_pipeline.py --input raw/customers_dirty2.csv\n        ']
[2026-01-29T14:16:10.000+0000] {subprocess.py:86} INFO - Output:
[2026-01-29T14:16:10.576+0000] {subprocess.py:93} INFO - python: can't open file '/app/run_pipeline.py': [Errno 2] No such file or directory
[2026-01-29T14:16:10.884+0000] {subprocess.py:97} INFO - Command exited with return code 2
[2026-01-29T14:16:10.886+0000] {taskinstance.py:441} INFO - ::group::Post task execution logs
[2026-01-29T14:16:10.915+0000] {taskinstance.py:2905} ERROR - Task failed with exception
Traceback (most recent call last):
  File "/home/airflow/.local/lib/python3.11/site-packages/airflow/models/taskinstance.py", line 465, in _execute_task
    result = _execute_callable(context=context, **execute_callable_kwargs)
             ^^^^^^^^^^^^^^^^^^^^^^^^^^^^^^^^^^^^^^^^^^^^^^^^^^^^^^^^^^^^^
  File "/home/airflow/.local/lib/python3.11/site-packages/airflow/models/taskinstance.py", line 432, in _execute_callable
    return execute_callable(context=context, **execute_callable_kwargs)
           ^^^^^^^^^^^^^^^^^^^^^^^^^^^^^^^^^^^^^^^^^^^^^^^^^^^^^^^^^^^^
  File "/home/airflow/.local/lib/python3.11/site-packages/airflow/models/baseoperator.py", line 401, in wrapper
    return func(self, *args, **kwargs)
           ^^^^^^^^^^^^^^^^^^^^^^^^^^^
  File "/home/airflow/.local/lib/python3.11/site-packages/airflow/operators/bash.py", line 243, in execute
    raise AirflowException(
airflow.exceptions.AirflowException: Bash command failed. The command returned a non-zero exit code 2.
[2026-01-29T14:16:10.924+0000] {taskinstance.py:1206} INFO - Marking task as UP_FOR_RETRY. dag_id=sales_pipeline_dag, task_id=run_pipeline_docker, run_id=manual__2026-01-29T14:16:03+00:00, execution_date=20260129T141603, start_date=20260129T141609, end_date=20260129T141610
[2026-01-29T14:16:10.952+0000] {standard_task_runner.py:110} ERROR - Failed to execute job 23 for task run_pipeline_docker (Bash command failed. The command returned a non-zero exit code 2.; 852)
[2026-01-29T14:16:11.026+0000] {local_task_job_runner.py:243} INFO - Task exited with return code 1
[2026-01-29T14:16:11.059+0000] {taskinstance.py:3503} INFO - 0 downstream tasks scheduled from follow-on schedule check
[2026-01-29T14:16:11.063+0000] {local_task_job_runner.py:222} INFO - ::endgroup::
